<?xml version="1.0" encoding="UTF-8"?>
<testng-results skipped="0" failed="0" ignored="0" total="2" passed="2">
  <reporter-output>
  </reporter-output>
  <suite name="Default suite" duration-ms="26" started-at="2019-07-10T13:02:34Z" finished-at="2019-07-10T13:02:34Z">
    <groups>
    </groups>
    <test name="Default test" duration-ms="26" started-at="2019-07-10T13:02:34Z" finished-at="2019-07-10T13:02:34Z">
      <class name="com.epam.selenium.listeners.Hookable">
        <test-method status="PASS" signature="printUser(java.lang.String, java.lang.String)[pri:0, instance:com.epam.selenium.listeners.Hookable@6f7fd0e6]" name="printUser" duration-ms="6" started-at="2019-07-10T13:02:34Z" data-provider="dp" finished-at="2019-07-10T13:02:34Z">
          <params>
            <param index="0">
              <value>
                <![CDATA[abc]]>
              </value>
            </param>
            <param index="1">
              <value>
                <![CDATA[xyz]]>
              </value>
            </param>
          </params>
          <reporter-output>
          </reporter-output>
        </test-method> <!-- printUser -->
        <test-method status="PASS" signature="printUser(java.lang.String, java.lang.String)[pri:0, instance:com.epam.selenium.listeners.Hookable@6f7fd0e6]" name="printUser" duration-ms="1" started-at="2019-07-10T13:02:34Z" data-provider="dp" finished-at="2019-07-10T13:02:34Z">
          <params>
            <param index="0">
              <value>
                <![CDATA[hello]]>
              </value>
            </param>
            <param index="1">
              <value>
                <![CDATA[bello]]>
              </value>
            </param>
          </params>
          <reporter-output>
          </reporter-output>
        </test-method> <!-- printUser -->
      </class> <!-- com.epam.selenium.listeners.Hookable -->
    </test> <!-- Default test -->
  </suite> <!-- Default suite -->
</testng-results>
